2026.01.21 12:55:40 INFO  Started: Metals version 1.6.4 in folders 'E:\upgrad\b9_codebase' for client Visual Studio Code 1.108.1.[0m
2026.01.21 12:55:42 WARN  Using H2 2.4.240 which is newer than the version Flyway has been verified with. The latest verified version of H2 is 2.3.232.[0m
2026.01.21 12:55:42 INFO  no build target found for E:\upgrad\b9_codebase\DSA\Arrays\array1.java. Using fallback presentation compiler.[0m
Jan 21, 2026 12:55:43 PM org.eclipse.lsp4j.jsonrpc.RemoteEndpoint handleCancellation
WARNING: Unmatched cancel notification for request id 4
Jan 21, 2026 12:55:43 PM org.eclipse.lsp4j.jsonrpc.RemoteEndpoint handleCancellation
WARNING: Unmatched cancel notification for request id 2
Jan 21, 2026 12:55:43 PM org.eclipse.lsp4j.jsonrpc.RemoteEndpoint handleCancellation
WARNING: Unmatched cancel notification for request id 1
2026.01.21 12:55:44 WARN  no build tool detected in workspace 'E:\upgrad\b9_codebase'. The most common cause for this problem is that the editor was opened in the wrong working directory, for example if you use sbt then the workspace directory should contain build.sbt. [0m
2026.01.21 12:55:44 WARN  Build server is not auto-connectable.[0m
2026.01.21 12:55:44 WARN  no build target for: E:\upgrad\b9_codebase\DSA\Arrays\array1.java[0m
2026.01.21 12:55:46 INFO  time: code lens generation in 2.1s[0m
2026.01.21 12:56:20 INFO  no build target found for E:\upgrad\b9_codebase\DSA\Arrays\array1.java. Using fallback presentation compiler.[0m
2026.01.21 12:56:20 WARN  no build target for: E:\upgrad\b9_codebase\DSA\Arrays\array1.java[0m
2026.01.21 12:56:20 INFO  no build target found for E:\upgrad\b9_codebase\DSA\Arrays\array1.java. Using fallback presentation compiler.[0m
Jan 21, 2026 12:56:20 PM org.eclipse.lsp4j.jsonrpc.RemoteEndpoint handleCancellation
WARNING: Unmatched cancel notification for request id 7
2026.01.21 12:56:20 INFO  no build target found for E:\upgrad\b9_codebase\DSA\Arrays\array1.java. Using fallback presentation compiler.[0m
2026.01.21 12:56:21 INFO  no build target found for E:\upgrad\b9_codebase\DSA\Arrays\array1.java. Using fallback presentation compiler.[0m
2026.01.21 13:04:29 INFO  no build target found for E:\upgrad\b9_codebase\DSA\Arrays\array1.java. Using fallback presentation compiler.[0m
2026.01.21 13:50:35 INFO  Shutting down server[0m
2026.01.21 13:50:35 INFO  shutting down Metals[0m
2026.01.21 13:50:35 INFO  Exiting server[0m
